<?xml version="1.0" encoding="UTF-8"?>
<testng-results ignored="0" total="1" passed="1" failed="0" skipped="0">
  <reporter-output>
  </reporter-output>
  <suite started-at="2025-03-31T18:26:07 IST" name="Default suite" finished-at="2025-03-31T18:26:09 IST" duration-ms="1970">
    <groups>
    </groups>
    <test started-at="2025-03-31T18:26:07 IST" name="Default test" finished-at="2025-03-31T18:26:09 IST" duration-ms="1970">
      <class name="demo4_schemavalidate.schemavalidate">
        <test-method signature="schemademo()[pri:0, instance:demo4_schemavalidate.schemavalidate@5fe94a96]" started-at="2025-03-31T18:26:07 IST" name="schemademo" finished-at="2025-03-31T18:26:09 IST" duration-ms="1933" status="PASS">
          <reporter-output>
          </reporter-output>
        </test-method> <!-- schemademo -->
      </class> <!-- demo4_schemavalidate.schemavalidate -->
    </test> <!-- Default test -->
  </suite> <!-- Default suite -->
</testng-results>
