<?xml version="1.0" encoding="UTF-8"?>
<testng-results ignored="0" total="4" passed="4" failed="0" skipped="0">
  <reporter-output>
  </reporter-output>
  <suite started-at="2025-03-29T22:55:17 IST" name="Default suite" finished-at="2025-03-29T22:55:36 IST" duration-ms="18151">
    <groups>
    </groups>
    <test started-at="2025-03-29T22:55:17 IST" name="Default test" finished-at="2025-03-29T22:55:36 IST" duration-ms="18151">
      <class name="demo1.HttpRequest">
        <test-method signature="getuser()[pri:1, instance:demo1.HttpRequest@459e9125]" started-at="2025-03-29T22:55:18 IST" name="getuser" finished-at="2025-03-29T22:55:32 IST" duration-ms="14594" status="PASS">
          <reporter-output>
          </reporter-output>
        </test-method> <!-- getuser -->
        <test-method signature="createuser()[pri:2, instance:demo1.HttpRequest@459e9125]" started-at="2025-03-29T22:55:32 IST" name="createuser" finished-at="2025-03-29T22:55:35 IST" duration-ms="2295" status="PASS">
          <reporter-output>
          </reporter-output>
        </test-method> <!-- createuser -->
        <test-method signature="updateuser()[pri:3, instance:demo1.HttpRequest@459e9125]" started-at="2025-03-29T22:55:35 IST" name="updateuser" finished-at="2025-03-29T22:55:35 IST" duration-ms="501" status="PASS">
          <reporter-output>
          </reporter-output>
        </test-method> <!-- updateuser -->
        <test-method signature="deleteuser()[pri:4, instance:demo1.HttpRequest@459e9125]" started-at="2025-03-29T22:55:35 IST" name="deleteuser" finished-at="2025-03-29T22:55:36 IST" duration-ms="449" status="PASS">
          <reporter-output>
          </reporter-output>
        </test-method> <!-- deleteuser -->
      </class> <!-- demo1.HttpRequest -->
    </test> <!-- Default test -->
  </suite> <!-- Default suite -->
</testng-results>
